{"uuid":"casemanagement;create-new-case-with-type-suggestion-and-end-service-touch-point-and-reason","historyId":"8b99c1f53a0974a228d7b133a968e16a","labels":[{"name":"feature","value":"CaseManagement"},{"name":"story","value":"Create new case with type suggestion and End Service Touch Point and Reason"},{"name":"tag","value":"TCID1001"},{"name":"host","value":"khilt-2265"},{"name":"package","value":"CaseManagement"},{"name":"suite","value":"CaseManagement"},{"name":"testClass","value":"Create new case with type suggestion and End Service Touch Point and Reason"},{"name":"thread","value":"20580@khilt-2265.main(1)"}],"links":[],"name":"Create new case with type suggestion and End Service Touch Point and Reason","status":"failed","statusDetails":{"known":false,"muted":false,"flaky":false,"message":"Expected condition failed: waiting for visibility of element located by By.xpath: //div[@id='customerid']//label[@id='Customer'] (tried for 60 second(s) with 500 MILLISECONDS interval)","trace":"org.openqa.selenium.TimeoutException: Expected condition failed: waiting for visibility of element located by By.xpath: //div[@id='customerid']//label[@id='Customer'] (tried for 60 second(s) with 500 MILLISECONDS interval)\r\n\tat org.openqa.selenium.support.ui.WebDriverWait.timeoutException(WebDriverWait.java:82)\r\n\tat org.openqa.selenium.support.ui.FluentWait.until(FluentWait.java:231)\r\n\tat Test.Automation.Pages.CasesPage.createNewCaseTypeWithTypeSuggestionAndEndServiceTouchPointReason(CasesPage.java:5382)\r\n\tat Test.Automation.Stepdefinitions.CasesStepsDefs.create_new_case_with_type_suggestion_and_end_service_touch_point_and_reasons(CasesStepsDefs.java:570)\r\n\tat âœ½.Then Create new case with case type suggestion and End Service Touch Point and Reason(CaseManagement/CaseManagementPhase2.feature:12)\r\nCaused by: org.openqa.selenium.NoSuchElementException: Cannot locate an element using By.xpath: //div[@id='customerid']//label[@id='Customer']\nFor documentation on this error, please visit: http://seleniumhq.org/exceptions/no_such_element.html\nBuild info: version: '3.6.0', revision: '6fbf3ec767', time: '2017-09-27T15:28:36.4Z'\nSystem info: host: 'KHILT-2265', ip: '169.254.236.71', os.name: 'Windows 10', os.arch: 'amd64', os.version: '10.0', java.version: '1.8.0_144'\nDriver info: driver.version: unknown\r\n\tat org.openqa.selenium.support.ui.ExpectedConditions.lambda$findElement$0(ExpectedConditions.java:882)\r\n\tat java.util.Optional.orElseThrow(Optional.java:290)\r\n\tat org.openqa.selenium.support.ui.ExpectedConditions.findElement(ExpectedConditions.java:881)\r\n\tat org.openqa.selenium.support.ui.ExpectedConditions.access$000(ExpectedConditions.java:43)\r\n\tat org.openqa.selenium.support.ui.ExpectedConditions$7.apply(ExpectedConditions.java:205)\r\n\tat org.openqa.selenium.support.ui.ExpectedConditions$7.apply(ExpectedConditions.java:201)\r\n\tat org.openqa.selenium.support.ui.FluentWait.until(FluentWait.java:208)\r\n\tat Test.Automation.Pages.CasesPage.createNewCaseTypeWithTypeSuggestionAndEndServiceTouchPointReason(CasesPage.java:5382)\r\n\tat Test.Automation.Stepdefinitions.CasesStepsDefs.create_new_case_with_type_suggestion_and_end_service_touch_point_and_reasons(CasesStepsDefs.java:570)\r\n\tat sun.reflect.NativeMethodAccessorImpl.invoke0(Native Method)\r\n\tat sun.reflect.NativeMethodAccessorImpl.invoke(NativeMethodAccessorImpl.java:62)\r\n\tat sun.reflect.DelegatingMethodAccessorImpl.invoke(DelegatingMethodAccessorImpl.java:43)\r\n\tat java.lang.reflect.Method.invoke(Method.java:498)\r\n\tat cucumber.runtime.Utils$1.call(Utils.java:37)\r\n\tat cucumber.runtime.Timeout.timeout(Timeout.java:13)\r\n\tat cucumber.runtime.Utils.invoke(Utils.java:31)\r\n\tat cucumber.runtime.java.JavaStepDefinition.execute(JavaStepDefinition.java:38)\r\n\tat cucumber.runtime.StepDefinitionMatch.runStep(StepDefinitionMatch.java:37)\r\n\tat cucumber.runtime.Runtime.runStep(Runtime.java:299)\r\n\tat cucumber.runtime.model.StepContainer.runStep(StepContainer.java:44)\r\n\tat cucumber.runtime.model.StepContainer.runSteps(StepContainer.java:39)\r\n\tat cucumber.runtime.model.CucumberScenario.run(CucumberScenario.java:44)\r\n\tat cucumber.runtime.junit.ExecutionUnitRunner.run(ExecutionUnitRunner.java:91)\r\n\tat cucumber.runtime.junit.FeatureRunner.runChild(FeatureRunner.java:63)\r\n\tat cucumber.runtime.junit.FeatureRunner.runChild(FeatureRunner.java:18)\r\n\tat org.junit.runners.ParentRunner$3.run(ParentRunner.java:290)\r\n\tat org.junit.runners.ParentRunner$1.schedule(ParentRunner.java:71)\r\n\tat org.junit.runners.ParentRunner.runChildren(ParentRunner.java:288)\r\n\tat org.junit.runners.ParentRunner.access$000(ParentRunner.java:58)\r\n\tat org.junit.runners.ParentRunner$2.evaluate(ParentRunner.java:268)\r\n\tat org.junit.runners.ParentRunner.run(ParentRunner.java:363)\r\n\tat cucumber.runtime.junit.FeatureRunner.run(FeatureRunner.java:70)\r\n\tat cucumber.api.junit.Cucumber.runChild(Cucumber.java:93)\r\n\tat cucumber.api.junit.Cucumber.runChild(Cucumber.java:37)\r\n\tat org.junit.runners.ParentRunner$3.run(ParentRunner.java:290)\r\n\tat org.junit.runners.ParentRunner$1.schedule(ParentRunner.java:71)\r\n\tat org.junit.runners.ParentRunner.runChildren(ParentRunner.java:288)\r\n\tat org.junit.runners.ParentRunner.access$000(ParentRunner.java:58)\r\n\tat org.junit.runners.ParentRunner$2.evaluate(ParentRunner.java:268)\r\n\tat org.junit.runners.ParentRunner.run(ParentRunner.java:363)\r\n\tat cucumber.api.junit.Cucumber.run(Cucumber.java:98)\r\n\tat TestSuite.ExtendedCucumberRunner.run(ExtendedCucumberRunner.java:50)\r\n\tat org.junit.runner.JUnitCore.run(JUnitCore.java:137)\r\n\tat org.junit.runner.JUnitCore.run(JUnitCore.java:115)\r\n\tat org.testng.junit.JUnit4TestRunner.start(JUnit4TestRunner.java:82)\r\n\tat org.testng.junit.JUnit4TestRunner.run(JUnit4TestRunner.java:70)\r\n\tat org.testng.TestRunner$1.run(TestRunner.java:675)\r\n\tat org.testng.TestRunner.runJUnitWorkers(TestRunner.java:975)\r\n\tat org.testng.TestRunner.privateRunJUnit(TestRunner.java:706)\r\n\tat org.testng.TestRunner.run(TestRunner.java:607)\r\n\tat org.testng.SuiteRunner.runTest(SuiteRunner.java:387)\r\n\tat org.testng.SuiteRunner.runSequentially(SuiteRunner.java:382)\r\n\tat org.testng.SuiteRunner.privateRun(SuiteRunner.java:340)\r\n\tat org.testng.SuiteRunner.run(SuiteRunner.java:289)\r\n\tat org.testng.SuiteRunnerWorker.runSuite(SuiteRunnerWorker.java:52)\r\n\tat org.testng.SuiteRunnerWorker.run(SuiteRunnerWorker.java:86)\r\n\tat org.testng.TestNG.runSuitesSequentially(TestNG.java:1293)\r\n\tat org.testng.TestNG.runSuitesLocally(TestNG.java:1218)\r\n\tat org.testng.TestNG.runSuites(TestNG.java:1133)\r\n\tat org.testng.TestNG.run(TestNG.java:1104)\r\n\tat org.apache.maven.surefire.testng.TestNGExecutor.run(TestNGExecutor.java:135)\r\n\tat org.apache.maven.surefire.testng.TestNGDirectoryTestSuite.executeSingleClass(TestNGDirectoryTestSuite.java:112)\r\n\tat org.apache.maven.surefire.testng.TestNGDirectoryTestSuite.execute(TestNGDirectoryTestSuite.java:99)\r\n\tat org.apache.maven.surefire.testng.TestNGProvider.invoke(TestNGProvider.java:146)\r\n\tat org.apache.maven.surefire.booter.ForkedBooter.invokeProviderInSameClassLoader(ForkedBooter.java:384)\r\n\tat org.apache.maven.surefire.booter.ForkedBooter.runSuitesInProcess(ForkedBooter.java:345)\r\n\tat org.apache.maven.surefire.booter.ForkedBooter.execute(ForkedBooter.java:126)\r\n\tat org.apache.maven.surefire.booter.ForkedBooter.main(ForkedBooter.java:418)\r\n"},"stage":"finished","start":1568615487140,"stop":1568615629285,"steps":[{"name":"LoginToAppStepsDefs.setUp()","status":"passed","stage":"finished","start":1568615489873,"stop":1568615489875},{"name":"EPQPortalStepsDefs.setUp()","status":"passed","stage":"finished","start":1568615489898,"stop":1568615489898},{"name":"CustomerPortalStepsDefs.setUp()","status":"passed","stage":"finished","start":1568615489905,"stop":1568615489905},{"name":"ActivityStepsDefs.setUp()","status":"passed","stage":"finished","start":1568615489918,"stop":1568615489918},{"name":"IMSCRMPageStepsDefs.setUp()","status":"passed","stage":"finished","start":1568615489927,"stop":1568615489927},{"name":"CasesStepsDefs.setUp()","status":"passed","stage":"finished","start":1568615489946,"stop":1568615489946},{"name":"ReviewManagementStepsDefs.setUp()","status":"passed","stage":"finished","start":1568615489948,"stop":1568615489948},{"name":"Given  I am on the RTA home page","status":"passed","stage":"finished","start":1568615489973,"stop":1568615547910},{"name":"When  Close Initial Popups","status":"passed","stage":"finished","start":1568615547921,"stop":1568615549645},{"name":"And  Navigate to Service> Cases","status":"passed","stage":"finished","start":1568615549648,"stop":1568615558702},{"name":"And  Open a new case record","status":"passed","stage":"finished","start":1568615558703,"stop":1568615563267},{"name":"Then  Create new case with case type suggestion and End Service Touch Point and Reason","status":"failed","stage":"finished","start":1568615563269,"stop":1568615629284}]}