{"uuid":"portalcasemanagement;create-a-new-case-with-case-type-report-a-notification","historyId":"9707c80abc3e512d335024af957a93d1","labels":[{"name":"feature","value":"PortalCaseManagement"},{"name":"story","value":"Create a new case with case type Report a notification"},{"name":"tag","value":"TCID174P2"},{"name":"tag","value":"TCIDSanity"},{"name":"tag","value":"TCIDPortalCaseManagement"},{"name":"host","value":"khilt-2265"},{"name":"package","value":"PortalCaseManagement"},{"name":"suite","value":"PortalCaseManagement"},{"name":"testClass","value":"Create a new case with case type Report a notification"},{"name":"thread","value":"3748@khilt-2265.main(1)"}],"links":[],"name":"Create a new case with case type Report a notification","status":"failed","statusDetails":{"known":false,"muted":false,"flaky":false,"message":"Expected condition failed: waiting for visibility of Proxy element for: DefaultElementLocator 'By.xpath: //div[@class='accordion-wrap']//app-case-confirmation' (tried for 60 second(s) with 500 MILLISECONDS interval)","trace":"org.openqa.selenium.TimeoutException: Expected condition failed: waiting for visibility of Proxy element for: DefaultElementLocator 'By.xpath: //div[@class='accordion-wrap']//app-case-confirmation' (tried for 60 second(s) with 500 MILLISECONDS interval)\r\n\tat org.openqa.selenium.support.ui.WebDriverWait.timeoutException(WebDriverWait.java:82)\r\n\tat org.openqa.selenium.support.ui.FluentWait.until(FluentWait.java:231)\r\n\tat Test.Automation.Pages.CustomerPortal.createNotificationCaseTypePhaseTwo(CustomerPortal.java:749)\r\n\tat Test.Automation.Stepdefinitions.CustomerPortalStepsDefs.create_notification_case_type(CustomerPortalStepsDefs.java:156)\r\n\tat âœ½.And Create case type Report a notification in phase two(CustomerPortal/PortalCaseManagementPhase2.feature:91)\r\nCaused by: org.openqa.selenium.NoSuchElementException: no such element: Unable to locate element: {\"method\":\"xpath\",\"selector\":\"//div[@class='accordion-wrap']//app-case-confirmation\"}\n  (Session info: chrome=77.0.3865.90)\nFor documentation on this error, please visit: http://seleniumhq.org/exceptions/no_such_element.html\nBuild info: version: '3.6.0', revision: '6fbf3ec767', time: '2017-09-27T15:28:36.4Z'\nSystem info: host: 'KHILT-2265', ip: '169.254.236.71', os.name: 'Windows 10', os.arch: 'amd64', os.version: '10.0', java.version: '1.8.0_144'\nDriver info: org.openqa.selenium.chrome.ChromeDriver\nCapabilities [{networkConnectionEnabled=false, chrome={chromedriverVersion=77.0.3865.40 (f484704e052e0b556f8030b65b953dce96503217-refs/branch-heads/3865@{#442}), userDataDir=C:\\Users\\IBADUL~1.KHA\\AppData\\Local\\Temp\\scoped_dir17936_1882975858}, timeouts={implicit=0, pageLoad=300000, script=30000}, pageLoadStrategy=normal, unhandledPromptBehavior=dismiss and notify, strictFileInteractability=false, platform=XP, proxy=Proxy(), goog:chromeOptions={debuggerAddress=localhost:54735}, acceptInsecureCerts=false, browserVersion=77.0.3865.90, browserName=chrome, javascriptEnabled=true, platformName=XP, setWindowRect=true}]\nSession ID: 5c0c452d3b25a6790d6a5b3413dc64a7\n*** Element info: {Using=xpath, value=//div[@class='accordion-wrap']//app-case-confirmation}\r\n\tat sun.reflect.GeneratedConstructorAccessor29.newInstance(Unknown Source)\r\n\tat sun.reflect.DelegatingConstructorAccessorImpl.newInstance(DelegatingConstructorAccessorImpl.java:45)\r\n\tat java.lang.reflect.Constructor.newInstance(Constructor.java:423)\r\n\tat org.openqa.selenium.remote.http.W3CHttpResponseCodec.createException(W3CHttpResponseCodec.java:185)\r\n\tat org.openqa.selenium.remote.http.W3CHttpResponseCodec.decode(W3CHttpResponseCodec.java:120)\r\n\tat org.openqa.selenium.remote.http.W3CHttpResponseCodec.decode(W3CHttpResponseCodec.java:49)\r\n\tat org.openqa.selenium.remote.HttpCommandExecutor.execute(HttpCommandExecutor.java:164)\r\n\tat org.openqa.selenium.remote.service.DriverCommandExecutor.execute(DriverCommandExecutor.java:83)\r\n\tat org.openqa.selenium.remote.RemoteWebDriver.execute(RemoteWebDriver.java:586)\r\n\tat org.openqa.selenium.remote.RemoteWebDriver.findElement(RemoteWebDriver.java:356)\r\n\tat org.openqa.selenium.remote.RemoteWebDriver.findElementByXPath(RemoteWebDriver.java:458)\r\n\tat org.openqa.selenium.By$ByXPath.findElement(By.java:361)\r\n\tat org.openqa.selenium.remote.RemoteWebDriver.findElement(RemoteWebDriver.java:348)\r\n\tat sun.reflect.GeneratedMethodAccessor17.invoke(Unknown Source)\r\n\tat sun.reflect.DelegatingMethodAccessorImpl.invoke(DelegatingMethodAccessorImpl.java:43)\r\n\tat java.lang.reflect.Method.invoke(Method.java:498)\r\n\tat org.openqa.selenium.support.events.EventFiringWebDriver$2.invoke(EventFiringWebDriver.java:109)\r\n\tat com.sun.proxy.$Proxy21.findElement(Unknown Source)\r\n\tat org.openqa.selenium.support.events.EventFiringWebDriver.findElement(EventFiringWebDriver.java:193)\r\n\tat org.openqa.selenium.support.pagefactory.DefaultElementLocator.findElement(DefaultElementLocator.java:69)\r\n\tat org.openqa.selenium.support.pagefactory.internal.LocatingElementHandler.invoke(LocatingElementHandler.java:38)\r\n\tat com.sun.proxy.$Proxy25.isDisplayed(Unknown Source)\r\n\tat org.openqa.selenium.support.ui.ExpectedConditions.elementIfVisible(ExpectedConditions.java:301)\r\n\tat org.openqa.selenium.support.ui.ExpectedConditions.access$100(ExpectedConditions.java:43)\r\n\tat org.openqa.selenium.support.ui.ExpectedConditions$10.apply(ExpectedConditions.java:287)\r\n\tat org.openqa.selenium.support.ui.ExpectedConditions$10.apply(ExpectedConditions.java:284)\r\n\tat org.openqa.selenium.support.ui.FluentWait.until(FluentWait.java:208)\r\n\tat Test.Automation.Pages.CustomerPortal.createNotificationCaseTypePhaseTwo(CustomerPortal.java:749)\r\n\tat Test.Automation.Stepdefinitions.CustomerPortalStepsDefs.create_notification_case_type(CustomerPortalStepsDefs.java:156)\r\n\tat sun.reflect.NativeMethodAccessorImpl.invoke0(Native Method)\r\n\tat sun.reflect.NativeMethodAccessorImpl.invoke(NativeMethodAccessorImpl.java:62)\r\n\tat sun.reflect.DelegatingMethodAccessorImpl.invoke(DelegatingMethodAccessorImpl.java:43)\r\n\tat java.lang.reflect.Method.invoke(Method.java:498)\r\n\tat cucumber.runtime.Utils$1.call(Utils.java:37)\r\n\tat cucumber.runtime.Timeout.timeout(Timeout.java:13)\r\n\tat cucumber.runtime.Utils.invoke(Utils.java:31)\r\n\tat cucumber.runtime.java.JavaStepDefinition.execute(JavaStepDefinition.java:38)\r\n\tat cucumber.runtime.StepDefinitionMatch.runStep(StepDefinitionMatch.java:37)\r\n\tat cucumber.runtime.Runtime.runStep(Runtime.java:299)\r\n\tat cucumber.runtime.model.StepContainer.runStep(StepContainer.java:44)\r\n\tat cucumber.runtime.model.StepContainer.runSteps(StepContainer.java:39)\r\n\tat cucumber.runtime.model.CucumberScenario.run(CucumberScenario.java:44)\r\n\tat cucumber.runtime.junit.ExecutionUnitRunner.run(ExecutionUnitRunner.java:91)\r\n\tat cucumber.runtime.junit.FeatureRunner.runChild(FeatureRunner.java:63)\r\n\tat cucumber.runtime.junit.FeatureRunner.runChild(FeatureRunner.java:18)\r\n\tat org.junit.runners.ParentRunner$3.run(ParentRunner.java:290)\r\n\tat org.junit.runners.ParentRunner$1.schedule(ParentRunner.java:71)\r\n\tat org.junit.runners.ParentRunner.runChildren(ParentRunner.java:288)\r\n\tat org.junit.runners.ParentRunner.access$000(ParentRunner.java:58)\r\n\tat org.junit.runners.ParentRunner$2.evaluate(ParentRunner.java:268)\r\n\tat org.junit.runners.ParentRunner.run(ParentRunner.java:363)\r\n\tat cucumber.runtime.junit.FeatureRunner.run(FeatureRunner.java:70)\r\n\tat cucumber.api.junit.Cucumber.runChild(Cucumber.java:93)\r\n\tat cucumber.api.junit.Cucumber.runChild(Cucumber.java:37)\r\n\tat org.junit.runners.ParentRunner$3.run(ParentRunner.java:290)\r\n\tat org.junit.runners.ParentRunner$1.schedule(ParentRunner.java:71)\r\n\tat org.junit.runners.ParentRunner.runChildren(ParentRunner.java:288)\r\n\tat org.junit.runners.ParentRunner.access$000(ParentRunner.java:58)\r\n\tat org.junit.runners.ParentRunner$2.evaluate(ParentRunner.java:268)\r\n\tat org.junit.runners.ParentRunner.run(ParentRunner.java:363)\r\n\tat cucumber.api.junit.Cucumber.run(Cucumber.java:98)\r\n\tat TestSuite.ExtendedCucumberRunner.run(ExtendedCucumberRunner.java:50)\r\n\tat org.junit.runner.JUnitCore.run(JUnitCore.java:137)\r\n\tat org.junit.runner.JUnitCore.run(JUnitCore.java:115)\r\n\tat org.testng.junit.JUnit4TestRunner.start(JUnit4TestRunner.java:82)\r\n\tat org.testng.junit.JUnit4TestRunner.run(JUnit4TestRunner.java:70)\r\n\tat org.testng.TestRunner$1.run(TestRunner.java:675)\r\n\tat org.testng.TestRunner.runJUnitWorkers(TestRunner.java:975)\r\n\tat org.testng.TestRunner.privateRunJUnit(TestRunner.java:706)\r\n\tat org.testng.TestRunner.run(TestRunner.java:607)\r\n\tat org.testng.SuiteRunner.runTest(SuiteRunner.java:387)\r\n\tat org.testng.SuiteRunner.runSequentially(SuiteRunner.java:382)\r\n\tat org.testng.SuiteRunner.privateRun(SuiteRunner.java:340)\r\n\tat org.testng.SuiteRunner.run(SuiteRunner.java:289)\r\n\tat org.testng.SuiteRunnerWorker.runSuite(SuiteRunnerWorker.java:52)\r\n\tat org.testng.SuiteRunnerWorker.run(SuiteRunnerWorker.java:86)\r\n\tat org.testng.TestNG.runSuitesSequentially(TestNG.java:1293)\r\n\tat org.testng.TestNG.runSuitesLocally(TestNG.java:1218)\r\n\tat org.testng.TestNG.runSuites(TestNG.java:1133)\r\n\tat org.testng.TestNG.run(TestNG.java:1104)\r\n\tat org.apache.maven.surefire.testng.TestNGExecutor.run(TestNGExecutor.java:135)\r\n\tat org.apache.maven.surefire.testng.TestNGDirectoryTestSuite.executeSingleClass(TestNGDirectoryTestSuite.java:112)\r\n\tat org.apache.maven.surefire.testng.TestNGDirectoryTestSuite.execute(TestNGDirectoryTestSuite.java:99)\r\n\tat org.apache.maven.surefire.testng.TestNGProvider.invoke(TestNGProvider.java:146)\r\n\tat org.apache.maven.surefire.booter.ForkedBooter.invokeProviderInSameClassLoader(ForkedBooter.java:384)\r\n\tat org.apache.maven.surefire.booter.ForkedBooter.runSuitesInProcess(ForkedBooter.java:345)\r\n\tat org.apache.maven.surefire.booter.ForkedBooter.execute(ForkedBooter.java:126)\r\n\tat org.apache.maven.surefire.booter.ForkedBooter.main(ForkedBooter.java:418)\r\n"},"stage":"finished","start":1569398067540,"stop":1569398197370,"steps":[{"name":"CustomerPortalStepsDefs.setUp()","status":"passed","stage":"finished","start":1569398070550,"stop":1569398070552},{"name":"EPQPortalStepsDefs.setUp()","status":"passed","stage":"finished","start":1569398070570,"stop":1569398070570},{"name":"IMSCRMPageStepsDefs.setUp()","status":"passed","stage":"finished","start":1569398070581,"stop":1569398070581},{"name":"CasesStepsDefs.setUp()","status":"passed","stage":"finished","start":1569398070602,"stop":1569398070602},{"name":"LoginToAppStepsDefs.setUp()","status":"passed","stage":"finished","start":1569398070603,"stop":1569398070603},{"name":"ReviewManagementStepsDefs.setUp()","status":"passed","stage":"finished","start":1569398070605,"stop":1569398070605},{"name":"ActivityStepsDefs.setUp()","status":"passed","stage":"finished","start":1569398070616,"stop":1569398070616},{"name":"Given  I am on the EPQ Portal home page","status":"passed","stage":"finished","start":1569398070640,"stop":1569398104546},{"name":"When  Change language to English","status":"passed","stage":"finished","start":1569398104555,"stop":1569398112986},{"name":"And  Navigate to case type Report a notification","status":"passed","stage":"finished","start":1569398112988,"stop":1569398117309},{"name":"And  Create case type Report a notification in phase two","status":"failed","stage":"finished","start":1569398117310,"stop":1569398197353},{"name":"Then  Verify case creation","status":"skipped","stage":"finished","start":1569398197354,"stop":1569398197357},{"name":"And  I am on the RTA home page","status":"skipped","stage":"finished","start":1569398197358,"stop":1569398197358},{"name":"When  Close Initial Popups","status":"skipped","stage":"finished","start":1569398197359,"stop":1569398197359},{"name":"And  Navigate to Service> Cases","status":"skipped","stage":"finished","start":1569398197360,"stop":1569398197361},{"name":"And  Search Created Case","status":"skipped","stage":"finished","start":1569398197361,"stop":1569398197362},{"name":"And  Click on assign to department button for portal cases","status":"skipped","stage":"finished","start":1569398197362,"stop":1569398197363},{"name":"And  Fill up values for department","status":"skipped","stage":"finished","start":1569398197363,"stop":1569398197364},{"name":"And  Assign to follow up","status":"skipped","stage":"finished","start":1569398197365,"stop":1569398197365},{"name":"And  Navigate to closure to finish","status":"skipped","stage":"finished","start":1569398197366,"stop":1569398197367},{"name":"And  Resolve case for Notification case","status":"skipped","stage":"finished","start":1569398197367,"stop":1569398197368},{"name":"Then  Verify resolve case","status":"skipped","stage":"finished","start":1569398197368,"stop":1569398197369}]}