{"uuid":"review-managment;review-management-pending-department-director","historyId":"53fdefc772633b04947dc29369aef0cf","labels":[{"name":"feature","value":"Review Managment"},{"name":"story","value":"Review Management Pending Department Director"},{"name":"tag","value":"TCID402"},{"name":"tag","value":"TCIDReviewMangementCRM"},{"name":"tag","value":"Review"},{"name":"host","value":"KHILT-1858"},{"name":"package","value":"Review Managment"},{"name":"suite","value":"Review Managment"},{"name":"testClass","value":"Review Management Pending Department Director"},{"name":"thread","value":"455056@KHILT-1858.main(1)"}],"links":[],"name":"Review Management Pending Department Director","status":"failed","statusDetails":{"known":false,"muted":false,"flaky":false,"message":"Expected condition failed: waiting for visibility of element located by By.cssSelector: iframe[name='contentIFrame1'] (tried for 60 second(s) with 500 MILLISECONDS interval)","trace":"org.openqa.selenium.TimeoutException: Expected condition failed: waiting for visibility of element located by By.cssSelector: iframe[name='contentIFrame1'] (tried for 60 second(s) with 500 MILLISECONDS interval)\r\n\tat org.openqa.selenium.support.ui.WebDriverWait.timeoutException(WebDriverWait.java:82)\r\n\tat org.openqa.selenium.support.ui.FluentWait.until(FluentWait.java:231)\r\n\tat Test.Automation.Pages.ReviewManagementPage.CompleteDepartmentReview(ReviewManagementPage.java:423)\r\n\tat Test.Automation.Stepdefinitions.ReviewManagementStepsDefs.complete_department_review(ReviewManagementStepsDefs.java:85)\r\n\tat âœ½.And Complete Department Review(EPQPortalCRM/ReviewManagmentCRM.feature:45)\r\nCaused by: org.openqa.selenium.NoSuchElementException: Cannot locate an element using By.cssSelector: iframe[name='contentIFrame1']\nFor documentation on this error, please visit: http://seleniumhq.org/exceptions/no_such_element.html\nBuild info: version: '3.6.0', revision: '6fbf3ec767', time: '2017-09-27T15:28:36.4Z'\nSystem info: host: 'KHILT-1858', ip: '192.168.132.167', os.name: 'Windows 10', os.arch: 'x86', os.version: '10.0', java.version: '1.8.0_172'\nDriver info: driver.version: unknown\r\n\tat org.openqa.selenium.support.ui.ExpectedConditions.lambda$findElement$0(ExpectedConditions.java:882)\r\n\tat java.util.Optional.orElseThrow(Optional.java:290)\r\n\tat org.openqa.selenium.support.ui.ExpectedConditions.findElement(ExpectedConditions.java:881)\r\n\tat org.openqa.selenium.support.ui.ExpectedConditions.access$000(ExpectedConditions.java:43)\r\n\tat org.openqa.selenium.support.ui.ExpectedConditions$7.apply(ExpectedConditions.java:205)\r\n\tat org.openqa.selenium.support.ui.ExpectedConditions$7.apply(ExpectedConditions.java:201)\r\n\tat org.openqa.selenium.support.ui.FluentWait.until(FluentWait.java:208)\r\n\tat Test.Automation.Pages.ReviewManagementPage.CompleteDepartmentReview(ReviewManagementPage.java:423)\r\n\tat Test.Automation.Stepdefinitions.ReviewManagementStepsDefs.complete_department_review(ReviewManagementStepsDefs.java:85)\r\n\tat sun.reflect.NativeMethodAccessorImpl.invoke0(Native Method)\r\n\tat sun.reflect.NativeMethodAccessorImpl.invoke(NativeMethodAccessorImpl.java:62)\r\n\tat sun.reflect.DelegatingMethodAccessorImpl.invoke(DelegatingMethodAccessorImpl.java:43)\r\n\tat java.lang.reflect.Method.invoke(Method.java:498)\r\n\tat cucumber.runtime.Utils$1.call(Utils.java:37)\r\n\tat cucumber.runtime.Timeout.timeout(Timeout.java:13)\r\n\tat cucumber.runtime.Utils.invoke(Utils.java:31)\r\n\tat cucumber.runtime.java.JavaStepDefinition.execute(JavaStepDefinition.java:38)\r\n\tat cucumber.runtime.StepDefinitionMatch.runStep(StepDefinitionMatch.java:37)\r\n\tat cucumber.runtime.Runtime.runStep(Runtime.java:299)\r\n\tat cucumber.runtime.model.StepContainer.runStep(StepContainer.java:44)\r\n\tat cucumber.runtime.model.StepContainer.runSteps(StepContainer.java:39)\r\n\tat cucumber.runtime.model.CucumberScenario.run(CucumberScenario.java:44)\r\n\tat cucumber.runtime.junit.ExecutionUnitRunner.run(ExecutionUnitRunner.java:91)\r\n\tat cucumber.runtime.junit.FeatureRunner.runChild(FeatureRunner.java:63)\r\n\tat cucumber.runtime.junit.FeatureRunner.runChild(FeatureRunner.java:18)\r\n\tat org.junit.runners.ParentRunner$3.run(ParentRunner.java:290)\r\n\tat org.junit.runners.ParentRunner$1.schedule(ParentRunner.java:71)\r\n\tat org.junit.runners.ParentRunner.runChildren(ParentRunner.java:288)\r\n\tat org.junit.runners.ParentRunner.access$000(ParentRunner.java:58)\r\n\tat org.junit.runners.ParentRunner$2.evaluate(ParentRunner.java:268)\r\n\tat org.junit.runners.ParentRunner.run(ParentRunner.java:363)\r\n\tat cucumber.runtime.junit.FeatureRunner.run(FeatureRunner.java:70)\r\n\tat cucumber.api.junit.Cucumber.runChild(Cucumber.java:93)\r\n\tat cucumber.api.junit.Cucumber.runChild(Cucumber.java:37)\r\n\tat org.junit.runners.ParentRunner$3.run(ParentRunner.java:290)\r\n\tat org.junit.runners.ParentRunner$1.schedule(ParentRunner.java:71)\r\n\tat org.junit.runners.ParentRunner.runChildren(ParentRunner.java:288)\r\n\tat org.junit.runners.ParentRunner.access$000(ParentRunner.java:58)\r\n\tat org.junit.runners.ParentRunner$2.evaluate(ParentRunner.java:268)\r\n\tat org.junit.runners.ParentRunner.run(ParentRunner.java:363)\r\n\tat cucumber.api.junit.Cucumber.run(Cucumber.java:98)\r\n\tat TestSuite.ExtendedCucumberRunner.run(ExtendedCucumberRunner.java:50)\r\n\tat org.junit.runner.JUnitCore.run(JUnitCore.java:137)\r\n\tat com.intellij.junit4.JUnit4IdeaTestRunner.startRunnerWithArgs(JUnit4IdeaTestRunner.java:68)\r\n\tat com.intellij.rt.execution.junit.IdeaTestRunner$Repeater.startRunnerWithArgs(IdeaTestRunner.java:51)\r\n\tat com.intellij.rt.execution.junit.JUnitStarter.prepareStreamsAndStart(JUnitStarter.java:237)\r\n\tat com.intellij.rt.execution.junit.JUnitStarter.main(JUnitStarter.java:70)\r\n"},"stage":"finished","start":1559299908807,"stop":1559300038221,"steps":[{"name":"ReviewManagementStepsDefs.setUp()","status":"passed","stage":"finished","start":1559299912491,"stop":1559299912493},{"name":"ReviewManagementStepsDefs.setUp()","status":"passed","stage":"finished","start":1559299912494,"stop":1559299912494},{"name":"CustomerPortalStepsDefs.setUp()","status":"passed","stage":"finished","start":1559299912498,"stop":1559299912498},{"name":"CustomerPortalStepsDefs.setUp()","status":"passed","stage":"finished","start":1559299912498,"stop":1559299912498},{"name":"CasesStepsDefs.setUp()","status":"passed","stage":"finished","start":1559299912520,"stop":1559299912520},{"name":"CasesStepsDefs.setUp()","status":"passed","stage":"finished","start":1559299912520,"stop":1559299912520},{"name":"LoginToAppStepsDefs.setUp()","status":"passed","stage":"finished","start":1559299912521,"stop":1559299912521},{"name":"LoginToAppStepsDefs.setUp()","status":"passed","stage":"finished","start":1559299912521,"stop":1559299912521},{"name":"EPQPortalStepsDefs.setUp()","status":"passed","stage":"finished","start":1559299912530,"stop":1559299912530},{"name":"EPQPortalStepsDefs.setUp()","status":"passed","stage":"finished","start":1559299912530,"stop":1559299912530},{"name":"ActivityStepsDefs.setUp()","status":"passed","stage":"finished","start":1559299912538,"stop":1559299912538},{"name":"ActivityStepsDefs.setUp()","status":"passed","stage":"finished","start":1559299912538,"stop":1559299912538},{"name":"Given  I am on the RTA home page","stage":"running","start":1559299912555},{"name":"Given  I am on the RTA home page","status":"passed","stage":"finished","start":1559299912555,"stop":1559299924142},{"name":"When  Close Initial Popups","stage":"running","start":1559299924150},{"name":"When  Close Initial Popups","status":"passed","stage":"finished","start":1559299924150,"stop":1559299925511},{"name":"And  Navigate to Reviews","stage":"running","start":1559299925513},{"name":"And  Navigate to Reviews","status":"passed","stage":"finished","start":1559299925513,"stop":1559299927872},{"name":"And  Navigate to Department Director","stage":"running","start":1559299927873},{"name":"And  Navigate to Department Director","status":"passed","stage":"finished","start":1559299927873,"stop":1559299931661},{"name":"And  Click A Department Review","stage":"running","start":1559299931662},{"name":"And  Click A Department Review","status":"passed","stage":"finished","start":1559299931662,"stop":1559299976041},{"name":"And  Complete Department Review","stage":"running","start":1559299976042},{"name":"And  Complete Department Review","status":"failed","stage":"finished","start":1559299976042,"stop":1559300038216},{"name":"Then  Open New Tab","stage":"running","start":1559300038218},{"name":"Then  Open New Tab","status":"skipped","stage":"finished","start":1559300038218,"stop":1559300038221}]}